app/build/intermediates/manifest_merge_blame_file/release/processReleaseMainManifest/manifest-merger-blame-release-report.txt
1<?xml version="1.0" encoding="utf-8"?>
2<manifest xmlns:android="http://schemas.android.com/apk/res/android"
3    package="com.example.akachanmap"
4    android:versionCode="1"
5    android:versionName="1.0" >
6
7    <uses-sdk
8        android:minSdkVersion="26"
9        android:targetSdkVersion="34" />
10
11    <uses-permission android:name="android.permission.INTERNET" />
11-->src/main/AndroidManifest.xml:4:5-66
11-->src/main/AndroidManifest.xml:4:22-64
12    <uses-permission android:name="android.permission.ACCESS_FINE_LOCATION" />
12-->src/main/AndroidManifest.xml:5:5-78
12-->src/main/AndroidManifest.xml:5:22-76
13    <uses-permission android:name="android.permission.ACCESS_COARSE_LOCATION" />
13-->src/main/AndroidManifest.xml:6:5-80
13-->src/main/AndroidManifest.xml:6:22-78
14
15    <!-- Although the *SdkVersion is captured in gradle build files, this is required for non gradle builds -->
16    <!-- <uses-sdk android:minSdkVersion="14" /> -->
17    <uses-permission android:name="android.permission.ACCESS_NETWORK_STATE" />
17-->[com.google.firebase:firebase-firestore:24.10.2] AndroidManifest.xml:10:5-79
17-->[com.google.firebase:firebase-firestore:24.10.2] AndroidManifest.xml:10:22-76
18    <uses-permission android:name="com.google.android.providers.gsf.permission.READ_GSERVICES" />
18-->[com.google.android.recaptcha:recaptcha:18.4.0] AndroidManifest.xml:9:5-98
18-->[com.google.android.recaptcha:recaptcha:18.4.0] AndroidManifest.xml:9:22-95
19
20    <permission
20-->[androidx.core:core:1.12.0] AndroidManifest.xml:22:5-24:47
21        android:name="com.example.akachanmap.DYNAMIC_RECEIVER_NOT_EXPORTED_PERMISSION"
21-->[androidx.core:core:1.12.0] AndroidManifest.xml:23:9-81
22        android:protectionLevel="signature" />
22-->[androidx.core:core:1.12.0] AndroidManifest.xml:24:9-44
23
24    <uses-permission android:name="com.example.akachanmap.DYNAMIC_RECEIVER_NOT_EXPORTED_PERMISSION" />
24-->[androidx.core:core:1.12.0] AndroidManifest.xml:26:5-97
24-->[androidx.core:core:1.12.0] AndroidManifest.xml:26:22-94
25
26    <application
26-->src/main/AndroidManifest.xml:8:5-22:19
27        android:allowBackup="true"
27-->src/main/AndroidManifest.xml:9:9-35
28        android:appComponentFactory="androidx.core.app.CoreComponentFactory"
28-->[androidx.core:core:1.12.0] AndroidManifest.xml:28:18-86
29        android:extractNativeLibs="false"
30        android:label="赤ちゃんマップ"
30-->src/main/AndroidManifest.xml:10:9-32
31        android:supportsRtl="true"
31-->src/main/AndroidManifest.xml:12:9-35
32        android:theme="@style/Theme.AkachanMap" >
32-->src/main/AndroidManifest.xml:11:9-48
33        <activity
33-->src/main/AndroidManifest.xml:14:1-21:20
34            android:name="com.example.akachanmap.MainActivity"
34-->src/main/AndroidManifest.xml:15:13-41
35            android:exported="true" >
35-->src/main/AndroidManifest.xml:16:13-36
36            <intent-filter>
36-->src/main/AndroidManifest.xml:17:13-20:29
37                <action android:name="android.intent.action.MAIN" />
37-->src/main/AndroidManifest.xml:18:17-68
37-->src/main/AndroidManifest.xml:18:25-66
38
39                <category android:name="android.intent.category.LAUNCHER" />
39-->src/main/AndroidManifest.xml:19:17-76
39-->src/main/AndroidManifest.xml:19:27-74
40            </intent-filter>
41        </activity>
42
43        <service
43-->[com.google.firebase:firebase-firestore-ktx:24.10.2] AndroidManifest.xml:9:9-15:19
44            android:name="com.google.firebase.components.ComponentDiscoveryService"
44-->[com.google.firebase:firebase-firestore-ktx:24.10.2] AndroidManifest.xml:10:13-84
45            android:directBootAware="true"
45-->[com.google.firebase:firebase-common:20.4.2] AndroidManifest.xml:32:13-43
46            android:exported="false" >
46-->[com.google.firebase:firebase-firestore-ktx:24.10.2] AndroidManifest.xml:11:13-37
47            <meta-data
47-->[com.google.firebase:firebase-firestore-ktx:24.10.2] AndroidManifest.xml:12:13-14:85
48                android:name="com.google.firebase.components:com.google.firebase.firestore.ktx.FirebaseFirestoreLegacyRegistrar"
48-->[com.google.firebase:firebase-firestore-ktx:24.10.2] AndroidManifest.xml:13:17-129
49                android:value="com.google.firebase.components.ComponentRegistrar" />
49-->[com.google.firebase:firebase-firestore-ktx:24.10.2] AndroidManifest.xml:14:17-82
50            <meta-data
50-->[com.google.firebase:firebase-firestore:24.10.2] AndroidManifest.xml:17:13-19:85
51                android:name="com.google.firebase.components:com.google.firebase.firestore.FirebaseFirestoreKtxRegistrar"
51-->[com.google.firebase:firebase-firestore:24.10.2] AndroidManifest.xml:18:17-122
52                android:value="com.google.firebase.components.ComponentRegistrar" />
52-->[com.google.firebase:firebase-firestore:24.10.2] AndroidManifest.xml:19:17-82
53            <meta-data
53-->[com.google.firebase:firebase-firestore:24.10.2] AndroidManifest.xml:20:13-22:85
54                android:name="com.google.firebase.components:com.google.firebase.firestore.FirestoreRegistrar"
54-->[com.google.firebase:firebase-firestore:24.10.2] AndroidManifest.xml:21:17-111
55                android:value="com.google.firebase.components.ComponentRegistrar" />
55-->[com.google.firebase:firebase-firestore:24.10.2] AndroidManifest.xml:22:17-82
56            <meta-data
56-->[com.google.firebase:firebase-auth-ktx:22.3.1] AndroidManifest.xml:11:13-13:85
57                android:name="com.google.firebase.components:com.google.firebase.auth.ktx.FirebaseAuthLegacyRegistrar"
57-->[com.google.firebase:firebase-auth-ktx:22.3.1] AndroidManifest.xml:12:17-119
58                android:value="com.google.firebase.components.ComponentRegistrar" />
58-->[com.google.firebase:firebase-auth-ktx:22.3.1] AndroidManifest.xml:13:17-82
59            <meta-data
59-->[com.google.firebase:firebase-auth:22.3.1] AndroidManifest.xml:69:13-71:85
60                android:name="com.google.firebase.components:com.google.firebase.auth.FirebaseAuthRegistrar"
60-->[com.google.firebase:firebase-auth:22.3.1] AndroidManifest.xml:70:17-109
61                android:value="com.google.firebase.components.ComponentRegistrar" />
61-->[com.google.firebase:firebase-auth:22.3.1] AndroidManifest.xml:71:17-82
62            <meta-data
62-->[com.google.firebase:firebase-common-ktx:20.4.2] AndroidManifest.xml:12:13-14:85
63                android:name="com.google.firebase.components:com.google.firebase.ktx.FirebaseCommonLegacyRegistrar"
63-->[com.google.firebase:firebase-common-ktx:20.4.2] AndroidManifest.xml:13:17-116
64                android:value="com.google.firebase.components.ComponentRegistrar" />
64-->[com.google.firebase:firebase-common-ktx:20.4.2] AndroidManifest.xml:14:17-82
65            <meta-data
65-->[com.google.firebase:firebase-common:20.4.2] AndroidManifest.xml:35:13-37:85
66                android:name="com.google.firebase.components:com.google.firebase.FirebaseCommonKtxRegistrar"
66-->[com.google.firebase:firebase-common:20.4.2] AndroidManifest.xml:36:17-109
67                android:value="com.google.firebase.components.ComponentRegistrar" />
67-->[com.google.firebase:firebase-common:20.4.2] AndroidManifest.xml:37:17-82
68        </service>
69
70        <activity
70-->[com.google.firebase:firebase-auth:22.3.1] AndroidManifest.xml:29:9-46:20
71            android:name="com.google.firebase.auth.internal.GenericIdpActivity"
71-->[com.google.firebase:firebase-auth:22.3.1] AndroidManifest.xml:30:13-80
72            android:excludeFromRecents="true"
72-->[com.google.firebase:firebase-auth:22.3.1] AndroidManifest.xml:31:13-46
73            android:exported="true"
73-->[com.google.firebase:firebase-auth:22.3.1] AndroidManifest.xml:32:13-36
74            android:launchMode="singleTask"
74-->[com.google.firebase:firebase-auth:22.3.1] AndroidManifest.xml:33:13-44
75            android:theme="@android:style/Theme.Translucent.NoTitleBar" >
75-->[com.google.firebase:firebase-auth:22.3.1] AndroidManifest.xml:34:13-72
76            <intent-filter>
76-->[com.google.firebase:firebase-auth:22.3.1] AndroidManifest.xml:35:13-45:29
77                <action android:name="android.intent.action.VIEW" />
77-->[com.google.firebase:firebase-auth:22.3.1] AndroidManifest.xml:36:17-69
77-->[com.google.firebase:firebase-auth:22.3.1] AndroidManifest.xml:36:25-66
78
79                <category android:name="android.intent.category.DEFAULT" />
79-->[com.google.firebase:firebase-auth:22.3.1] AndroidManifest.xml:38:17-76
79-->[com.google.firebase:firebase-auth:22.3.1] AndroidManifest.xml:38:27-73
80                <category android:name="android.intent.category.BROWSABLE" />
80-->[com.google.firebase:firebase-auth:22.3.1] AndroidManifest.xml:39:17-78
80-->[com.google.firebase:firebase-auth:22.3.1] AndroidManifest.xml:39:27-75
81
82                <data
82-->[com.google.firebase:firebase-auth:22.3.1] AndroidManifest.xml:41:17-44:51
83                    android:host="firebase.auth"
83-->[com.google.firebase:firebase-auth:22.3.1] AndroidManifest.xml:42:21-49
84                    android:path="/"
84-->[com.google.firebase:firebase-auth:22.3.1] AndroidManifest.xml:43:21-37
85                    android:scheme="genericidp" />
85-->[com.google.firebase:firebase-auth:22.3.1] AndroidManifest.xml:44:21-48
86            </intent-filter>
87        </activity>
88        <activity
88-->[com.google.firebase:firebase-auth:22.3.1] AndroidManifest.xml:47:9-64:20
89            android:name="com.google.firebase.auth.internal.RecaptchaActivity"
89-->[com.google.firebase:firebase-auth:22.3.1] AndroidManifest.xml:48:13-79
90            android:excludeFromRecents="true"
90-->[com.google.firebase:firebase-auth:22.3.1] AndroidManifest.xml:49:13-46
91            android:exported="true"
91-->[com.google.firebase:firebase-auth:22.3.1] AndroidManifest.xml:50:13-36
92            android:launchMode="singleTask"
92-->[com.google.firebase:firebase-auth:22.3.1] AndroidManifest.xml:51:13-44
93            android:theme="@android:style/Theme.Translucent.NoTitleBar" >
93-->[com.google.firebase:firebase-auth:22.3.1] AndroidManifest.xml:52:13-72
94            <intent-filter>
94-->[com.google.firebase:firebase-auth:22.3.1] AndroidManifest.xml:53:13-63:29
95                <action android:name="android.intent.action.VIEW" />
95-->[com.google.firebase:firebase-auth:22.3.1] AndroidManifest.xml:36:17-69
95-->[com.google.firebase:firebase-auth:22.3.1] AndroidManifest.xml:36:25-66
96
97                <category android:name="android.intent.category.DEFAULT" />
97-->[com.google.firebase:firebase-auth:22.3.1] AndroidManifest.xml:38:17-76
97-->[com.google.firebase:firebase-auth:22.3.1] AndroidManifest.xml:38:27-73
98                <category android:name="android.intent.category.BROWSABLE" />
98-->[com.google.firebase:firebase-auth:22.3.1] AndroidManifest.xml:39:17-78
98-->[com.google.firebase:firebase-auth:22.3.1] AndroidManifest.xml:39:27-75
99
100                <data
100-->[com.google.firebase:firebase-auth:22.3.1] AndroidManifest.xml:41:17-44:51
101                    android:host="firebase.auth"
101-->[com.google.firebase:firebase-auth:22.3.1] AndroidManifest.xml:42:21-49
102                    android:path="/"
102-->[com.google.firebase:firebase-auth:22.3.1] AndroidManifest.xml:43:21-37
103                    android:scheme="recaptcha" />
103-->[com.google.firebase:firebase-auth:22.3.1] AndroidManifest.xml:44:21-48
104            </intent-filter>
105        </activity>
106        <activity
106-->[com.google.android.gms:play-services-base:18.1.0] AndroidManifest.xml:20:9-22:45
107            android:name="com.google.android.gms.common.api.GoogleApiActivity"
107-->[com.google.android.gms:play-services-base:18.1.0] AndroidManifest.xml:20:19-85
108            android:exported="false"
108-->[com.google.android.gms:play-services-base:18.1.0] AndroidManifest.xml:22:19-43
109            android:theme="@android:style/Theme.Translucent.NoTitleBar" />
109-->[com.google.android.gms:play-services-base:18.1.0] AndroidManifest.xml:21:19-78
110
111        <provider
111-->[androidx.emoji2:emoji2:1.3.0] AndroidManifest.xml:24:9-32:20
112            android:name="androidx.startup.InitializationProvider"
112-->[androidx.emoji2:emoji2:1.3.0] AndroidManifest.xml:25:13-67
113            android:authorities="com.example.akachanmap.androidx-startup"
113-->[androidx.emoji2:emoji2:1.3.0] AndroidManifest.xml:26:13-68
114            android:exported="false" >
114-->[androidx.emoji2:emoji2:1.3.0] AndroidManifest.xml:27:13-37
115            <meta-data
115-->[androidx.emoji2:emoji2:1.3.0] AndroidManifest.xml:29:13-31:52
116                android:name="androidx.emoji2.text.EmojiCompatInitializer"
116-->[androidx.emoji2:emoji2:1.3.0] AndroidManifest.xml:30:17-75
117                android:value="androidx.startup" />
117-->[androidx.emoji2:emoji2:1.3.0] AndroidManifest.xml:31:17-49
118            <meta-data
118-->[androidx.lifecycle:lifecycle-process:2.7.0] AndroidManifest.xml:29:13-31:52
119                android:name="androidx.lifecycle.ProcessLifecycleInitializer"
119-->[androidx.lifecycle:lifecycle-process:2.7.0] AndroidManifest.xml:30:17-78
120                android:value="androidx.startup" />
120-->[androidx.lifecycle:lifecycle-process:2.7.0] AndroidManifest.xml:31:17-49
121            <meta-data
121-->[androidx.profileinstaller:profileinstaller:1.3.0] AndroidManifest.xml:29:13-31:52
122                android:name="androidx.profileinstaller.ProfileInstallerInitializer"
122-->[androidx.profileinstaller:profileinstaller:1.3.0] AndroidManifest.xml:30:17-85
123                android:value="androidx.startup" />
123-->[androidx.profileinstaller:profileinstaller:1.3.0] AndroidManifest.xml:31:17-49
124        </provider>
125        <provider
125-->[com.google.firebase:firebase-common:20.4.2] AndroidManifest.xml:23:9-28:39
126            android:name="com.google.firebase.provider.FirebaseInitProvider"
126-->[com.google.firebase:firebase-common:20.4.2] AndroidManifest.xml:24:13-77
127            android:authorities="com.example.akachanmap.firebaseinitprovider"
127-->[com.google.firebase:firebase-common:20.4.2] AndroidManifest.xml:25:13-72
128            android:directBootAware="true"
128-->[com.google.firebase:firebase-common:20.4.2] AndroidManifest.xml:26:13-43
129            android:exported="false"
129-->[com.google.firebase:firebase-common:20.4.2] AndroidManifest.xml:27:13-37
130            android:initOrder="100" />
130-->[com.google.firebase:firebase-common:20.4.2] AndroidManifest.xml:28:13-36
131
132        <meta-data
132-->[com.google.android.gms:play-services-basement:18.1.0] AndroidManifest.xml:21:9-23:69
133            android:name="com.google.android.gms.version"
133-->[com.google.android.gms:play-services-basement:18.1.0] AndroidManifest.xml:22:13-58
134            android:value="@integer/google_play_services_version" />
134-->[com.google.android.gms:play-services-basement:18.1.0] AndroidManifest.xml:23:13-66
135
136        <receiver
136-->[androidx.profileinstaller:profileinstaller:1.3.0] AndroidManifest.xml:34:9-52:20
137            android:name="androidx.profileinstaller.ProfileInstallReceiver"
137-->[androidx.profileinstaller:profileinstaller:1.3.0] AndroidManifest.xml:35:13-76
138            android:directBootAware="false"
138-->[androidx.profileinstaller:profileinstaller:1.3.0] AndroidManifest.xml:36:13-44
139            android:enabled="true"
139-->[androidx.profileinstaller:profileinstaller:1.3.0] AndroidManifest.xml:37:13-35
140            android:exported="true"
140-->[androidx.profileinstaller:profileinstaller:1.3.0] AndroidManifest.xml:38:13-36
141            android:permission="android.permission.DUMP" >
141-->[androidx.profileinstaller:profileinstaller:1.3.0] AndroidManifest.xml:39:13-57
142            <intent-filter>
142-->[androidx.profileinstaller:profileinstaller:1.3.0] AndroidManifest.xml:40:13-42:29
143                <action android:name="androidx.profileinstaller.action.INSTALL_PROFILE" />
143-->[androidx.profileinstaller:profileinstaller:1.3.0] AndroidManifest.xml:41:17-91
143-->[androidx.profileinstaller:profileinstaller:1.3.0] AndroidManifest.xml:41:25-88
144            </intent-filter>
145            <intent-filter>
145-->[androidx.profileinstaller:profileinstaller:1.3.0] AndroidManifest.xml:43:13-45:29
146                <action android:name="androidx.profileinstaller.action.SKIP_FILE" />
146-->[androidx.profileinstaller:profileinstaller:1.3.0] AndroidManifest.xml:44:17-85
146-->[androidx.profileinstaller:profileinstaller:1.3.0] AndroidManifest.xml:44:25-82
147            </intent-filter>
148            <intent-filter>
148-->[androidx.profileinstaller:profileinstaller:1.3.0] AndroidManifest.xml:46:13-48:29
149                <action android:name="androidx.profileinstaller.action.SAVE_PROFILE" />
149-->[androidx.profileinstaller:profileinstaller:1.3.0] AndroidManifest.xml:47:17-88
149-->[androidx.profileinstaller:profileinstaller:1.3.0] AndroidManifest.xml:47:25-85
150            </intent-filter>
151            <intent-filter>
151-->[androidx.profileinstaller:profileinstaller:1.3.0] AndroidManifest.xml:49:13-51:29
152                <action android:name="androidx.profileinstaller.action.BENCHMARK_OPERATION" />
152-->[androidx.profileinstaller:profileinstaller:1.3.0] AndroidManifest.xml:50:17-95
152-->[androidx.profileinstaller:profileinstaller:1.3.0] AndroidManifest.xml:50:25-92
153            </intent-filter>
154        </receiver>
155    </application>
156
157</manifest>